c:\users\mghorn\documents\cse3000\mlbp\x64\debug\vc143.pdb
c:\users\mghorn\documents\cse3000\mlbp\x64\debug\vc143.idb
c:\users\mghorn\documents\cse3000\mlbp\x64\debug\solution_verifier.obj
c:\users\mghorn\documents\cse3000\mlbp\x64\debug\solution.obj
c:\users\mghorn\documents\cse3000\mlbp\x64\debug\mlbpformulation.obj
c:\users\mghorn\documents\cse3000\mlbp\x64\debug\mipsolver.obj
c:\users\mghorn\documents\cse3000\mlbp\x64\debug\main.obj
c:\users\mghorn\documents\cse3000\mlbp\x64\debug\lutze.obj
c:\users\mghorn\documents\cse3000\mlbp\x64\debug\log.obj
c:\users\mghorn\documents\cse3000\mlbp\x64\debug\argparser.obj
c:\users\mghorn\documents\cse3000\mlbp\x64\debug\instance.obj
c:\users\mghorn\documents\cse3000\mlbp\x64\debug\bpformulation.obj
c:\users\mghorn\documents\cse3000\mlbp\x64\debug\mlbp.exe
c:\users\mghorn\documents\cse3000\mlbp\x64\debug\mlbp.ilk
c:\users\mghorn\documents\cse3000\mlbp\x64\debug\mlbp.pdb
c:\users\mghorn\documents\cse3000\mlbp\x64\debug\mlbp.tlog\cl.command.1.tlog
c:\users\mghorn\documents\cse3000\mlbp\x64\debug\mlbp.tlog\cl.read.1.tlog
c:\users\mghorn\documents\cse3000\mlbp\x64\debug\mlbp.tlog\cl.write.1.tlog
c:\users\mghorn\documents\cse3000\mlbp\x64\debug\mlbp.tlog\link.command.1.tlog
c:\users\mghorn\documents\cse3000\mlbp\x64\debug\mlbp.tlog\link.read.1.tlog
c:\users\mghorn\documents\cse3000\mlbp\x64\debug\mlbp.tlog\link.write.1.tlog
